2026-03-28 15:55:22,704 - INFO - Placing MARKET BUY order for 0.001 BTCUSDT
2026-03-28 15:55:23,340 - ERROR - Order failed: {'code': -4164, 'msg': "Order's notional must be no smaller than 100 (unless you choose reduce only)."}
2026-03-28 15:55:55,512 - INFO - Placing MARKET BUY order for 0.002 BTCUSDT
2026-03-28 15:55:56,177 - INFO - Order successful! ID: 13001852818 | Status: NEW
2026-03-28 15:56:41,098 - INFO - Placing LIMIT SELL order for 0.002 BTCUSDT
2026-03-28 15:56:41,654 - INFO - Order successful! ID: 13001854379 | Status: NEW
2026-03-28 16:38:41,708 - INFO - Placing MARKET SELL order for 2.01 BYTCUSDT
2026-03-28 16:38:42,160 - ERROR - Order failed: {'code': -1121, 'msg': 'Invalid symbol.'}
2026-03-28 17:59:55,806 - INFO - Placing LIMIT BUY order for 0.002 BTCUSDT
2026-03-28 17:59:56,513 - ERROR - Order failed: {'code': -4164, 'msg': "Order's notional must be no smaller than 100 (unless you choose reduce only)."}
2026-03-28 18:00:06,266 - INFO - Placing MARKET BUY order for 0.002 BTCUSDT
2026-03-28 18:00:06,825 - INFO - Order successful! ID: 13002079132 | Status: NEW
2026-03-28 18:01:38,078 - INFO - Placing LIMIT BUY order for 1.2 BTCUSDT
2026-03-28 18:01:38,676 - INFO - Order successful! ID: 13002082478 | Status: NEW
2026-03-28 18:02:20,388 - INFO - Placing MARKET BUY order for 40.0 BTCUSDT
2026-03-28 18:02:20,895 - ERROR - Order failed: {'code': -2019, 'msg': 'Margin is insufficient.'}
2026-03-28 18:02:34,245 - INFO - Placing MARKET SELL order for 4.0 BTCUSDT
2026-03-28 18:02:34,776 - ERROR - Order failed: {'code': -2019, 'msg': 'Margin is insufficient.'}
2026-03-28 18:02:53,409 - INFO - Placing MARKET SELL order for 0.45 BTCUSDT
2026-03-28 18:02:54,043 - INFO - Order successful! ID: 13002085333 | Status: NEW
2026-03-28 18:03:53,444 - INFO - Placing LIMIT BUY order for 300.0 BTCUSDT
2026-03-28 18:03:54,047 - ERROR - Order failed: {'code': -4002, 'msg': 'Price greater than max price.'}
2026-03-28 18:08:57,988 - INFO - Placing LIMIT BUY order for 0.002 BTCUSDT
2026-03-28 18:11:01,652 - INFO - Placing LIMIT BUY order for 0.002 BTCUSDT
2026-03-28 18:11:02,173 - ERROR - Order failed: {'code': -4013, 'msg': 'Price less than min price.'}
2026-03-28 18:11:09,256 - INFO - Placing LIMIT BUY order for 0.002 BTCUSDT
2026-03-28 18:11:09,869 - ERROR - Order failed: {'code': -4013, 'msg': 'Price less than min price.'}
2026-03-28 18:11:15,641 - INFO - Placing LIMIT BUY order for 0.002 BTCUSDT
2026-03-28 18:11:16,218 - ERROR - Order failed: {'code': -4164, 'msg': "Order's notional must be no smaller than 100 (unless you choose reduce only)."}
2026-03-28 18:11:22,659 - INFO - Placing LIMIT BUY order for 23.0 BTCUSDT
2026-03-28 18:11:23,182 - INFO - Order successful! ID: 13002104250 | Status: NEW
